<?xml version="1.0" encoding="UTF-8"?>
<!-- Generated by org.testng.reporters.JUnitReportReporter -->
<testsuite hostname="Sandeeps-MacBook-Air.local" failures="0" tests="2" name="com.auto.theInternet.IntenetHerokuappPOC.ChallengingDOMTestClass" time="20.634" errors="0" timestamp="2025-03-25T01:36:32 GST" skipped="0">
  <testcase classname="com.auto.theInternet.IntenetHerokuappPOC.ChallengingDOMTestClass" name="validateChallengingDOM" time="13.942"/>
  <testcase classname="com.auto.theInternet.IntenetHerokuappPOC.ChallengingDOMTestClass" name="validateChallengingDOM" time="6.692"/>
</testsuite> <!-- com.auto.theInternet.IntenetHerokuappPOC.ChallengingDOMTestClass -->
