<?xml version="1.0" encoding="UTF-8"?>
<!-- Generated by org.testng.reporters.JUnitReportReporter -->
<testsuite hostname="Sandeeps-MacBook-Air.local" failures="0" tests="2" name="com.auto.theInternet.IntenetHerokuappPOC.AddRemoveElementsTestClass" time="59.881" errors="0" timestamp="2025-03-22T20:20:36 GST" skipped="0">
  <testcase classname="com.auto.theInternet.IntenetHerokuappPOC.AddRemoveElementsTestClass" name="validateAddAndRemoveButtons" time="21.010"/>
  <testcase classname="com.auto.theInternet.IntenetHerokuappPOC.AddRemoveElementsTestClass" name="validateAddAndRemoveButtons" time="38.871"/>
</testsuite> <!-- com.auto.theInternet.IntenetHerokuappPOC.AddRemoveElementsTestClass -->
