<?xml version="1.0" encoding="UTF-8"?>
<!-- Generated by org.testng.reporters.JUnitReportReporter -->
<testsuite hostname="Sandeeps-MacBook-Air.local" failures="0" tests="1" name="com.auto.theInternet.IntenetHerokuappPOC.DropDownTestClass" time="14.656" errors="0" timestamp="2025-03-21T15:03:43 GST" skipped="0">
  <testcase classname="com.auto.theInternet.IntenetHerokuappPOC.DropDownTestClass" name="validateDropDown" time="14.656"/>
</testsuite> <!-- com.auto.theInternet.IntenetHerokuappPOC.DropDownTestClass -->
