<?xml version="1.0" encoding="UTF-8"?>
<!-- Generated by org.testng.reporters.JUnitReportReporter -->
<testsuite hostname="Sandeeps-MacBook-Air.local" failures="0" tests="2" name="com.auto.theInternet.IntenetHerokuappPOC.ContextMenuTestClass" time="23.660" errors="0" timestamp="2025-03-22T20:20:36 GST" skipped="0">
  <testcase classname="com.auto.theInternet.IntenetHerokuappPOC.ContextMenuTestClass" name="validateContextMenu" time="7.537"/>
  <testcase classname="com.auto.theInternet.IntenetHerokuappPOC.ContextMenuTestClass" name="validateContextMenu" time="16.123"/>
</testsuite> <!-- com.auto.theInternet.IntenetHerokuappPOC.ContextMenuTestClass -->
