<?xml version="1.0" encoding="UTF-8"?>
<!-- Generated by org.testng.reporters.JUnitReportReporter -->
<testsuite hostname="Sandeeps-MacBook-Air.local" failures="0" tests="2" name="com.auto.theInternet.IntenetHerokuappPOC.DisappearingElementsTestClass" time="25.520" errors="0" timestamp="2025-03-22T20:20:36 GST" skipped="0">
  <testcase classname="com.auto.theInternet.IntenetHerokuappPOC.DisappearingElementsTestClass" name="validateDisappearingElements" time="8.944"/>
  <testcase classname="com.auto.theInternet.IntenetHerokuappPOC.DisappearingElementsTestClass" name="validateDisappearingElements" time="16.576"/>
</testsuite> <!-- com.auto.theInternet.IntenetHerokuappPOC.DisappearingElementsTestClass -->
