<?xml version="1.0" encoding="UTF-8"?>
<!-- Generated by org.testng.reporters.JUnitReportReporter -->
<testsuite hostname="Sandeeps-MacBook-Air.local" failures="0" tests="2" name="com.auto.theInternet.IntenetHerokuappPOC.EntryAdTestClass" time="19.555" errors="0" timestamp="2025-03-22T20:20:36 GST" skipped="0">
  <testcase classname="com.auto.theInternet.IntenetHerokuappPOC.EntryAdTestClass" name="validateEntryAd" time="11.646"/>
  <testcase classname="com.auto.theInternet.IntenetHerokuappPOC.EntryAdTestClass" name="validateEntryAd" time="7.909"/>
</testsuite> <!-- com.auto.theInternet.IntenetHerokuappPOC.EntryAdTestClass -->
