<?xml version="1.0" encoding="UTF-8"?>
<!-- Generated by org.testng.reporters.JUnitReportReporter -->
<testsuite hostname="Sandeeps-MacBook-Air.local" failures="0" tests="2" name="com.auto.theInternet.IntenetHerokuappPOC.DynamicControlsTestClass" time="37.162" errors="0" timestamp="2025-03-21T14:21:01 GST" skipped="0">
  <testcase classname="com.auto.theInternet.IntenetHerokuappPOC.DynamicControlsTestClass" name="validateDynamicControl" time="21.276"/>
  <testcase classname="com.auto.theInternet.IntenetHerokuappPOC.DynamicControlsTestClass" name="validateDynamicControl" time="15.886"/>
</testsuite> <!-- com.auto.theInternet.IntenetHerokuappPOC.DynamicControlsTestClass -->
