<?xml version="1.0" encoding="UTF-8"?>
<!-- Generated by org.testng.reporters.JUnitReportReporter -->
<testsuite hostname="Sandeeps-MacBook-Air.local" failures="0" tests="2" name="com.auto.theInternet.IntenetHerokuappPOC.ChallengingDOMTestClass" time="26.406" errors="0" timestamp="2025-03-21T14:21:01 GST" skipped="0">
  <testcase classname="com.auto.theInternet.IntenetHerokuappPOC.ChallengingDOMTestClass" name="validateChallengingDOM" time="18.627"/>
  <testcase classname="com.auto.theInternet.IntenetHerokuappPOC.ChallengingDOMTestClass" name="validateChallengingDOM" time="7.779"/>
</testsuite> <!-- com.auto.theInternet.IntenetHerokuappPOC.ChallengingDOMTestClass -->
