<?xml version="1.0" encoding="UTF-8"?>
<!-- Generated by org.testng.reporters.JUnitReportReporter -->
<testsuite hostname="Sandeeps-MacBook-Air.local" failures="0" tests="2" name="com.auto.theInternet.IntenetHerokuappPOC.DisappearingElementsTestClass" time="27.025" errors="0" timestamp="2025-03-21T14:21:01 GST" skipped="0">
  <testcase classname="com.auto.theInternet.IntenetHerokuappPOC.DisappearingElementsTestClass" name="validateDisappearingElements" time="18.234"/>
  <testcase classname="com.auto.theInternet.IntenetHerokuappPOC.DisappearingElementsTestClass" name="validateDisappearingElements" time="8.791"/>
</testsuite> <!-- com.auto.theInternet.IntenetHerokuappPOC.DisappearingElementsTestClass -->
