<?xml version="1.0" encoding="UTF-8"?>
<!-- Generated by org.testng.reporters.JUnitReportReporter -->
<testsuite hostname="Sandeeps-MacBook-Air.local" failures="0" tests="2" name="com.auto.theInternet.IntenetHerokuappPOC.AddRemoveElementsTestClass" time="53.174" errors="0" timestamp="2025-03-25T01:36:32 GST" skipped="0">
  <testcase classname="com.auto.theInternet.IntenetHerokuappPOC.AddRemoveElementsTestClass" name="validateAddAndRemoveButtons" time="20.257"/>
  <testcase classname="com.auto.theInternet.IntenetHerokuappPOC.AddRemoveElementsTestClass" name="validateAddAndRemoveButtons" time="32.917"/>
</testsuite> <!-- com.auto.theInternet.IntenetHerokuappPOC.AddRemoveElementsTestClass -->
