<?xml version="1.0" encoding="UTF-8"?>
<!-- Generated by org.testng.reporters.JUnitReportReporter -->
<testsuite hostname="Sandeeps-MacBook-Air.local" failures="0" tests="2" name="com.auto.theInternet.IntenetHerokuappPOC.ContextMenuTestClass" time="26.267" errors="0" timestamp="2025-03-21T14:21:01 GST" skipped="0">
  <testcase classname="com.auto.theInternet.IntenetHerokuappPOC.ContextMenuTestClass" name="validateContextMenu" time="17.595"/>
  <testcase classname="com.auto.theInternet.IntenetHerokuappPOC.ContextMenuTestClass" name="validateContextMenu" time="8.672"/>
</testsuite> <!-- com.auto.theInternet.IntenetHerokuappPOC.ContextMenuTestClass -->
