<?xml version="1.0" encoding="UTF-8"?>
<!-- Generated by org.testng.reporters.JUnitReportReporter -->
<testsuite hostname="Sandeeps-MacBook-Air.local" failures="0" tests="2" name="com.auto.theInternet.IntenetHerokuappPOC.BrokenImageTestClass" time="26.816" errors="0" timestamp="2025-03-22T20:20:36 GST" skipped="0">
  <testcase classname="com.auto.theInternet.IntenetHerokuappPOC.BrokenImageTestClass" name="validateStateOfImages" time="18.002"/>
  <testcase classname="com.auto.theInternet.IntenetHerokuappPOC.BrokenImageTestClass" name="validateStateOfImages" time="8.814"/>
</testsuite> <!-- com.auto.theInternet.IntenetHerokuappPOC.BrokenImageTestClass -->
