<?xml version="1.0" encoding="UTF-8"?>
<!-- Generated by org.testng.reporters.JUnitReportReporter -->
<testsuite hostname="Sandeeps-MacBook-Air.local" failures="0" tests="1" name="com.auto.theInternet.IntenetHerokuappPOC.BasicAuthTestClass" time="10.883" errors="0" timestamp="2025-03-21T14:56:01 GST" skipped="0">
  <testcase classname="com.auto.theInternet.IntenetHerokuappPOC.BasicAuthTestClass" name="BasicAuth" time="10.883"/>
</testsuite> <!-- com.auto.theInternet.IntenetHerokuappPOC.BasicAuthTestClass -->
