<?xml version="1.0" encoding="UTF-8"?>
<!-- Generated by org.testng.reporters.JUnitReportReporter -->
<testsuite hostname="Sandeeps-MacBook-Air.local" failures="0" tests="2" name="com.auto.theInternet.IntenetHerokuappPOC.ChallengingDOMTestClass" time="24.707" errors="0" timestamp="2025-03-22T20:20:36 GST" skipped="0">
  <testcase classname="com.auto.theInternet.IntenetHerokuappPOC.ChallengingDOMTestClass" name="validateChallengingDOM" time="16.239"/>
  <testcase classname="com.auto.theInternet.IntenetHerokuappPOC.ChallengingDOMTestClass" name="validateChallengingDOM" time="8.468"/>
</testsuite> <!-- com.auto.theInternet.IntenetHerokuappPOC.ChallengingDOMTestClass -->
