<?xml version="1.0" encoding="UTF-8"?>
<!-- Generated by org.testng.reporters.JUnitReportReporter -->
<testsuite hostname="Sandeeps-MacBook-Air.local" failures="0" tests="1" name="com.auto.theInternet.IntenetHerokuappPOC.DragAndDropTestClass" time="14.744" errors="0" timestamp="2025-03-21T16:00:12 GST" skipped="0">
  <testcase classname="com.auto.theInternet.IntenetHerokuappPOC.DragAndDropTestClass" name="validatingDragAndDrop" time="14.744"/>
</testsuite> <!-- com.auto.theInternet.IntenetHerokuappPOC.DragAndDropTestClass -->
